{"level":"info","message":"\u001b[90mGET /task\u001b[39m \u001b[32m200\u001b[39m \u001b[90m13ms\u001b[39m","meta":{}}
{"level":"info","message":"\u001b[90mGET /task\u001b[39m \u001b[36m304\u001b[39m \u001b[90m2ms\u001b[39m","meta":{}}
{"level":"info","message":"\u001b[90mGET /task\u001b[39m \u001b[36m304\u001b[39m \u001b[90m5ms\u001b[39m","meta":{}}
{"level":"info","message":"\u001b[90mGET /task\u001b[39m \u001b[36m304\u001b[39m \u001b[90m3ms\u001b[39m","meta":{}}
{"level":"info","message":"\u001b[90mGET /task\u001b[39m \u001b[36m304\u001b[39m \u001b[90m15ms\u001b[39m","meta":{}}
{"level":"info","message":"\u001b[90mGET /task\u001b[39m \u001b[36m304\u001b[39m \u001b[90m3ms\u001b[39m","meta":{}}
{"level":"info","message":"\u001b[90mGET /task\u001b[39m \u001b[36m304\u001b[39m \u001b[90m3ms\u001b[39m","meta":{}}
{"level":"info","message":"\u001b[90mGET /task\u001b[39m \u001b[36m304\u001b[39m \u001b[90m3ms\u001b[39m","meta":{}}
{"level":"info","message":"\u001b[90mGET /task\u001b[39m \u001b[36m304\u001b[39m \u001b[90m5ms\u001b[39m","meta":{}}
{"level":"info","message":"\u001b[90mGET /task\u001b[39m \u001b[36m304\u001b[39m \u001b[90m3ms\u001b[39m","meta":{}}
{"level":"info","message":"\u001b[90mGET /task\u001b[39m \u001b[36m304\u001b[39m \u001b[90m4ms\u001b[39m","meta":{}}
{"level":"info","message":"\u001b[90mGET /task\u001b[39m \u001b[36m304\u001b[39m \u001b[90m3ms\u001b[39m","meta":{}}
{"level":"info","message":"\u001b[90mGET /task\u001b[39m \u001b[36m304\u001b[39m \u001b[90m4ms\u001b[39m","meta":{}}
{"level":"info","message":"\u001b[90mGET /task\u001b[39m \u001b[36m304\u001b[39m \u001b[90m5ms\u001b[39m","meta":{}}
{"level":"info","message":"\u001b[90mGET /task\u001b[39m \u001b[36m304\u001b[39m \u001b[90m3ms\u001b[39m","meta":{}}
{"level":"info","message":"\u001b[90mGET /task\u001b[39m \u001b[36m304\u001b[39m \u001b[90m6ms\u001b[39m","meta":{}}
{"level":"info","message":"\u001b[90mGET /task\u001b[39m \u001b[36m304\u001b[39m \u001b[90m4ms\u001b[39m","meta":{}}
{"level":"info","message":"\u001b[90mGET /task\u001b[39m \u001b[36m304\u001b[39m \u001b[90m3ms\u001b[39m","meta":{}}
{"level":"info","message":"\u001b[90mGET /task\u001b[39m \u001b[36m304\u001b[39m \u001b[90m3ms\u001b[39m","meta":{}}
{"level":"info","message":"\u001b[90mGET /task\u001b[39m \u001b[36m304\u001b[39m \u001b[90m3ms\u001b[39m","meta":{}}
{"level":"info","message":"\u001b[90mGET /task\u001b[39m \u001b[36m304\u001b[39m \u001b[90m2ms\u001b[39m","meta":{}}
{"level":"info","message":"\u001b[90mGET /task\u001b[39m \u001b[36m304\u001b[39m \u001b[90m3ms\u001b[39m","meta":{}}
{"level":"info","message":"\u001b[90mGET /task\u001b[39m \u001b[36m304\u001b[39m \u001b[90m2ms\u001b[39m","meta":{}}
{"level":"info","message":"\u001b[90mGET /task\u001b[39m \u001b[36m304\u001b[39m \u001b[90m3ms\u001b[39m","meta":{}}
{"level":"info","message":"\u001b[90mGET /task\u001b[39m \u001b[36m304\u001b[39m \u001b[90m2ms\u001b[39m","meta":{}}
{"level":"info","message":"\u001b[90mGET /task\u001b[39m \u001b[36m304\u001b[39m \u001b[90m2ms\u001b[39m","meta":{}}
{"level":"info","message":"\u001b[90mGET /task\u001b[39m \u001b[36m304\u001b[39m \u001b[90m2ms\u001b[39m","meta":{}}
{"level":"info","message":"\u001b[90mGET /task\u001b[39m \u001b[36m304\u001b[39m \u001b[90m2ms\u001b[39m","meta":{}}
{"level":"info","message":"\u001b[90mGET /task\u001b[39m \u001b[36m304\u001b[39m \u001b[90m3ms\u001b[39m","meta":{}}
{"level":"info","message":"\u001b[90mGET /task\u001b[39m \u001b[36m304\u001b[39m \u001b[90m3ms\u001b[39m","meta":{}}
{"level":"info","message":"\u001b[90mGET /task\u001b[39m \u001b[36m304\u001b[39m \u001b[90m3ms\u001b[39m","meta":{}}
{"level":"info","message":"\u001b[90mGET /task\u001b[39m \u001b[36m304\u001b[39m \u001b[90m5ms\u001b[39m","meta":{}}
{"level":"info","message":"\u001b[90mGET /task\u001b[39m \u001b[36m304\u001b[39m \u001b[90m2ms\u001b[39m","meta":{}}
{"level":"info","message":"\u001b[90mGET /task\u001b[39m \u001b[36m304\u001b[39m \u001b[90m2ms\u001b[39m","meta":{}}
{"level":"info","message":"\u001b[90mGET /task\u001b[39m \u001b[36m304\u001b[39m \u001b[90m5ms\u001b[39m","meta":{}}
{"level":"info","message":"\u001b[90mGET /task\u001b[39m \u001b[36m304\u001b[39m \u001b[90m2ms\u001b[39m","meta":{}}
{"level":"info","message":"\u001b[90mGET /task\u001b[39m \u001b[36m304\u001b[39m \u001b[90m2ms\u001b[39m","meta":{}}
{"level":"info","message":"\u001b[90mGET /task\u001b[39m \u001b[36m304\u001b[39m \u001b[90m3ms\u001b[39m","meta":{}}
{"level":"info","message":"\u001b[90mGET /task\u001b[39m \u001b[36m304\u001b[39m \u001b[90m2ms\u001b[39m","meta":{}}
{"level":"info","message":"\u001b[90mPOST /task\u001b[39m \u001b[33m422\u001b[39m \u001b[90m4ms\u001b[39m","meta":{}}
{"level":"info","message":"\u001b[90mPOST /task\u001b[39m \u001b[32m200\u001b[39m \u001b[90m30ms\u001b[39m","meta":{}}
{"level":"info","message":"\u001b[90mGET /task\u001b[39m \u001b[32m200\u001b[39m \u001b[90m22ms\u001b[39m","meta":{}}
{"level":"info","message":"\u001b[90mGET /task\u001b[39m \u001b[36m304\u001b[39m \u001b[90m6ms\u001b[39m","meta":{}}
{"level":"info","message":"\u001b[90mGET /task\u001b[39m \u001b[36m304\u001b[39m \u001b[90m21ms\u001b[39m","meta":{}}
{"level":"info","message":"\u001b[90mPOST /task\u001b[39m \u001b[32m200\u001b[39m \u001b[90m33ms\u001b[39m","meta":{}}
{"level":"info","message":"\u001b[90mGET /task\u001b[39m \u001b[32m200\u001b[39m \u001b[90m6ms\u001b[39m","meta":{}}
{"level":"info","message":"\u001b[90mGET /task\u001b[39m \u001b[36m304\u001b[39m \u001b[90m8ms\u001b[39m","meta":{}}
{"level":"info","message":"\u001b[90mPOST /task/650171e752711301133194e3\u001b[39m \u001b[33m404\u001b[39m \u001b[90m1ms\u001b[39m","meta":{}}
{"level":"info","message":"\u001b[90mGET /task\u001b[39m \u001b[36m304\u001b[39m \u001b[90m3ms\u001b[39m","meta":{}}
{"level":"info","message":"\u001b[90mGET /task\u001b[39m \u001b[36m304\u001b[39m \u001b[90m5ms\u001b[39m","meta":{}}
{"level":"info","message":"\u001b[90mPUT /task/650171e752711301133194e3\u001b[39m \u001b[33m422\u001b[39m \u001b[90m8ms\u001b[39m","meta":{}}
{"level":"info","message":"\u001b[90mPOST /task\u001b[39m \u001b[32m200\u001b[39m \u001b[90m5ms\u001b[39m","meta":{}}
{"level":"info","message":"\u001b[90mGET /task\u001b[39m \u001b[32m200\u001b[39m \u001b[90m6ms\u001b[39m","meta":{}}
{"level":"info","message":"\u001b[90mGET /task\u001b[39m \u001b[36m304\u001b[39m \u001b[90m4ms\u001b[39m","meta":{}}
{"level":"info","message":"\u001b[90mPUT /task/650171e752711301133194e3\u001b[39m \u001b[33m422\u001b[39m \u001b[90m3ms\u001b[39m","meta":{}}
{"level":"info","message":"\u001b[90mPUT /task/650171e752711301133194e3\u001b[39m \u001b[33m422\u001b[39m \u001b[90m1ms\u001b[39m","meta":{}}
{"level":"info","message":"\u001b[90mPUT /task/650171e752711301133194e3\u001b[39m \u001b[33m422\u001b[39m \u001b[90m2ms\u001b[39m","meta":{}}
{"level":"info","message":"\u001b[90mPUT /task/650171e752711301133194e3\u001b[39m \u001b[33m422\u001b[39m \u001b[90m4ms\u001b[39m","meta":{}}
{"level":"info","message":"\u001b[90mPUT /task/6501727e52f9f8981e80a6f7\u001b[39m \u001b[33m422\u001b[39m \u001b[90m0ms\u001b[39m","meta":{}}
{"level":"info","message":"\u001b[90mPUT /task/650171e752711301133194e3\u001b[39m \u001b[33m422\u001b[39m \u001b[90m0ms\u001b[39m","meta":{}}
{"level":"info","message":"\u001b[90mPUT /task/6501727e52f9f8981e80a6f7\u001b[39m \u001b[33m422\u001b[39m \u001b[90m3ms\u001b[39m","meta":{}}
{"level":"info","message":"\u001b[90mPOST /task\u001b[39m \u001b[32m200\u001b[39m \u001b[90m4ms\u001b[39m","meta":{}}
{"level":"info","message":"\u001b[90mGET /task\u001b[39m \u001b[32m200\u001b[39m \u001b[90m4ms\u001b[39m","meta":{}}
{"level":"info","message":"\u001b[90mGET /task\u001b[39m \u001b[36m304\u001b[39m \u001b[90m10ms\u001b[39m","meta":{}}
{"level":"info","message":"\u001b[90mPOST /task\u001b[39m \u001b[32m200\u001b[39m \u001b[90m3ms\u001b[39m","meta":{}}
{"level":"info","message":"\u001b[90mGET /task\u001b[39m \u001b[32m200\u001b[39m \u001b[90m4ms\u001b[39m","meta":{}}
{"level":"info","message":"\u001b[90mGET /task\u001b[39m \u001b[36m304\u001b[39m \u001b[90m3ms\u001b[39m","meta":{}}
{"level":"info","message":"\u001b[90mGET /task\u001b[39m \u001b[36m304\u001b[39m \u001b[90m8ms\u001b[39m","meta":{}}
{"level":"info","message":"\u001b[90mGET /task\u001b[39m \u001b[36m304\u001b[39m \u001b[90m4ms\u001b[39m","meta":{}}
{"level":"info","message":"\u001b[90mGET /task\u001b[39m \u001b[36m304\u001b[39m \u001b[90m5ms\u001b[39m","meta":{}}
{"level":"info","message":"\u001b[90mGET /task\u001b[39m \u001b[32m200\u001b[39m \u001b[90m7ms\u001b[39m","meta":{}}
{"level":"info","message":"\u001b[90mGET /task\u001b[39m \u001b[36m304\u001b[39m \u001b[90m2ms\u001b[39m","meta":{}}
{"level":"info","message":"\u001b[90mPOST /task\u001b[39m \u001b[32m200\u001b[39m \u001b[90m5ms\u001b[39m","meta":{}}
{"level":"info","message":"\u001b[90mGET /task\u001b[39m \u001b[32m200\u001b[39m \u001b[90m3ms\u001b[39m","meta":{}}
{"level":"info","message":"\u001b[90mGET /task\u001b[39m \u001b[36m304\u001b[39m \u001b[90m6ms\u001b[39m","meta":{}}
{"level":"info","message":"\u001b[90mPOST /task\u001b[39m \u001b[32m200\u001b[39m \u001b[90m3ms\u001b[39m","meta":{}}
{"level":"info","message":"\u001b[90mPOST /task\u001b[39m \u001b[32m200\u001b[39m \u001b[90m3ms\u001b[39m","meta":{}}
{"level":"info","message":"\u001b[90mGET /task\u001b[39m \u001b[32m200\u001b[39m \u001b[90m3ms\u001b[39m","meta":{}}
{"level":"info","message":"\u001b[90mGET /task\u001b[39m \u001b[36m304\u001b[39m \u001b[90m5ms\u001b[39m","meta":{}}
{"level":"info","message":"\u001b[90mPOST /task\u001b[39m \u001b[32m200\u001b[39m \u001b[90m6ms\u001b[39m","meta":{}}
{"level":"info","message":"\u001b[90mGET /task\u001b[39m \u001b[32m200\u001b[39m \u001b[90m3ms\u001b[39m","meta":{}}
{"level":"info","message":"\u001b[90mGET /task\u001b[39m \u001b[36m304\u001b[39m \u001b[90m4ms\u001b[39m","meta":{}}
{"level":"info","message":"\u001b[90mPOST /task/650171e752711301133194e3\u001b[39m \u001b[33m404\u001b[39m \u001b[90m0ms\u001b[39m","meta":{}}
{"level":"info","message":"\u001b[90mGET /task\u001b[39m \u001b[36m304\u001b[39m \u001b[90m3ms\u001b[39m","meta":{}}
{"level":"info","message":"\u001b[90mGET /task\u001b[39m \u001b[36m304\u001b[39m \u001b[90m2ms\u001b[39m","meta":{}}
{"level":"info","message":"\u001b[90mPUT /task/650171e752711301133194e3\u001b[39m \u001b[32m200\u001b[39m \u001b[90m15ms\u001b[39m","meta":{}}
{"level":"info","message":"\u001b[90mGET /task\u001b[39m \u001b[32m200\u001b[39m \u001b[90m5ms\u001b[39m","meta":{}}
{"level":"info","message":"\u001b[90mPUT /task/650171e752711301133194e3\u001b[39m \u001b[32m200\u001b[39m \u001b[90m4ms\u001b[39m","meta":{}}
{"level":"info","message":"\u001b[90mPUT /task/650171e752711301133194e3\u001b[39m \u001b[32m200\u001b[39m \u001b[90m7ms\u001b[39m","meta":{}}
{"level":"info","message":"\u001b[90mPUT /task/650171e752711301133194e3\u001b[39m \u001b[32m200\u001b[39m \u001b[90m7ms\u001b[39m","meta":{}}
{"level":"info","message":"\u001b[90mGET /task\u001b[39m \u001b[36m304\u001b[39m \u001b[90m3ms\u001b[39m","meta":{}}
{"level":"info","message":"\u001b[90mGET /task\u001b[39m \u001b[36m304\u001b[39m \u001b[90m3ms\u001b[39m","meta":{}}
{"level":"info","message":"\u001b[90mPOST /task\u001b[39m \u001b[32m200\u001b[39m \u001b[90m3ms\u001b[39m","meta":{}}
{"level":"info","message":"\u001b[90mGET /task\u001b[39m \u001b[32m200\u001b[39m \u001b[90m9ms\u001b[39m","meta":{}}
{"level":"info","message":"\u001b[90mGET /task\u001b[39m \u001b[36m304\u001b[39m \u001b[90m2ms\u001b[39m","meta":{}}
{"level":"info","message":"\u001b[90mGET /task\u001b[39m \u001b[36m304\u001b[39m \u001b[90m3ms\u001b[39m","meta":{}}
{"level":"info","message":"\u001b[90mPUT /task/65017bb052f9f8981e80a725\u001b[39m \u001b[32m200\u001b[39m \u001b[90m3ms\u001b[39m","meta":{}}
{"level":"info","message":"\u001b[90mPUT /task/65017bb052f9f8981e80a725\u001b[39m \u001b[32m200\u001b[39m \u001b[90m3ms\u001b[39m","meta":{}}
{"level":"info","message":"\u001b[90mPUT /task/65017bb052f9f8981e80a725\u001b[39m \u001b[32m200\u001b[39m \u001b[90m4ms\u001b[39m","meta":{}}
{"level":"info","message":"\u001b[90mGET /task\u001b[39m \u001b[36m304\u001b[39m \u001b[90m2ms\u001b[39m","meta":{}}
{"level":"info","message":"\u001b[90mGET /task\u001b[39m \u001b[36m304\u001b[39m \u001b[90m2ms\u001b[39m","meta":{}}
{"level":"info","message":"\u001b[90mGET /task\u001b[39m \u001b[36m304\u001b[39m \u001b[90m3ms\u001b[39m","meta":{}}
{"level":"info","message":"\u001b[90mPUT /task/65017bb052f9f8981e80a725\u001b[39m \u001b[32m200\u001b[39m \u001b[90m4ms\u001b[39m","meta":{}}
{"level":"info","message":"\u001b[90mPUT /task/65017bb052f9f8981e80a725\u001b[39m \u001b[32m200\u001b[39m \u001b[90m6ms\u001b[39m","meta":{}}
{"level":"info","message":"\u001b[90mPUT /task/65017bb052f9f8981e80a725\u001b[39m \u001b[32m200\u001b[39m \u001b[90m3ms\u001b[39m","meta":{}}
{"level":"info","message":"\u001b[90mGET /task\u001b[39m \u001b[36m304\u001b[39m \u001b[90m2ms\u001b[39m","meta":{}}
{"level":"info","message":"\u001b[90mGET /task\u001b[39m \u001b[36m304\u001b[39m \u001b[90m3ms\u001b[39m","meta":{}}
{"level":"info","message":"\u001b[90mGET /task\u001b[39m \u001b[36m304\u001b[39m \u001b[90m4ms\u001b[39m","meta":{}}
{"level":"info","message":"\u001b[90mGET /task\u001b[39m \u001b[36m304\u001b[39m \u001b[90m3ms\u001b[39m","meta":{}}
{"level":"info","message":"\u001b[90mGET /task\u001b[39m \u001b[36m304\u001b[39m \u001b[90m5ms\u001b[39m","meta":{}}
{"level":"info","message":"\u001b[90mGET /task\u001b[39m \u001b[36m304\u001b[39m \u001b[90m5ms\u001b[39m","meta":{}}
{"level":"info","message":"\u001b[90mGET /task\u001b[39m \u001b[36m304\u001b[39m \u001b[90m3ms\u001b[39m","meta":{}}
{"level":"info","message":"\u001b[90mGET /task\u001b[39m \u001b[36m304\u001b[39m \u001b[90m4ms\u001b[39m","meta":{}}
{"level":"info","message":"\u001b[90mGET /task\u001b[39m \u001b[36m304\u001b[39m \u001b[90m2ms\u001b[39m","meta":{}}
{"level":"info","message":"\u001b[90mGET /task\u001b[39m \u001b[36m304\u001b[39m \u001b[90m7ms\u001b[39m","meta":{}}
{"level":"info","message":"\u001b[90mGET /task\u001b[39m \u001b[36m304\u001b[39m \u001b[90m6ms\u001b[39m","meta":{}}
{"level":"info","message":"\u001b[90mGET /task\u001b[39m \u001b[36m304\u001b[39m \u001b[90m5ms\u001b[39m","meta":{}}
{"level":"info","message":"\u001b[90mGET /task\u001b[39m \u001b[36m304\u001b[39m \u001b[90m3ms\u001b[39m","meta":{}}
{"level":"info","message":"\u001b[90mGET /task\u001b[39m \u001b[36m304\u001b[39m \u001b[90m4ms\u001b[39m","meta":{}}
{"level":"info","message":"\u001b[90mGET /task\u001b[39m \u001b[36m304\u001b[39m \u001b[90m12ms\u001b[39m","meta":{}}
{"level":"info","message":"\u001b[90mGET /task\u001b[39m \u001b[36m304\u001b[39m \u001b[90m9ms\u001b[39m","meta":{}}
{"level":"info","message":"\u001b[90mPOST /task\u001b[39m \u001b[32m200\u001b[39m \u001b[90m8ms\u001b[39m","meta":{}}
{"level":"info","message":"\u001b[90mGET /task\u001b[39m \u001b[32m200\u001b[39m \u001b[90m4ms\u001b[39m","meta":{}}
{"level":"info","message":"\u001b[90mPOST /task\u001b[39m \u001b[32m200\u001b[39m \u001b[90m7ms\u001b[39m","meta":{}}
{"level":"info","message":"\u001b[90mGET /task\u001b[39m \u001b[32m200\u001b[39m \u001b[90m3ms\u001b[39m","meta":{}}
{"level":"info","message":"\u001b[90mGET /task\u001b[39m \u001b[36m304\u001b[39m \u001b[90m3ms\u001b[39m","meta":{}}
{"level":"info","message":"\u001b[90mGET /task\u001b[39m \u001b[36m304\u001b[39m \u001b[90m8ms\u001b[39m","meta":{}}
{"level":"info","message":"\u001b[90mPUT /task/6501831e52f9f8981e80a746\u001b[39m \u001b[32m200\u001b[39m \u001b[90m3ms\u001b[39m","meta":{}}
{"level":"info","message":"\u001b[90mGET /task\u001b[39m \u001b[32m200\u001b[39m \u001b[90m3ms\u001b[39m","meta":{}}
{"level":"info","message":"\u001b[90mGET /task\u001b[39m \u001b[36m304\u001b[39m \u001b[90m3ms\u001b[39m","meta":{}}
{"level":"info","message":"\u001b[90mGET /task\u001b[39m \u001b[36m304\u001b[39m \u001b[90m3ms\u001b[39m","meta":{}}
{"level":"info","message":"\u001b[90mGET /task\u001b[39m \u001b[36m304\u001b[39m \u001b[90m3ms\u001b[39m","meta":{}}
{"level":"info","message":"\u001b[90mPOST /task\u001b[39m \u001b[32m200\u001b[39m \u001b[90m4ms\u001b[39m","meta":{}}
{"level":"info","message":"\u001b[90mGET /task\u001b[39m \u001b[32m200\u001b[39m \u001b[90m9ms\u001b[39m","meta":{}}
{"level":"info","message":"\u001b[90mPUT /task/6501844752f9f8981e80a750\u001b[39m \u001b[32m200\u001b[39m \u001b[90m2ms\u001b[39m","meta":{}}
{"level":"info","message":"\u001b[90mGET /task\u001b[39m \u001b[32m200\u001b[39m \u001b[90m3ms\u001b[39m","meta":{}}
{"level":"info","message":"\u001b[90mGET /task\u001b[39m \u001b[36m304\u001b[39m \u001b[90m3ms\u001b[39m","meta":{}}
{"level":"info","message":"\u001b[90mGET /task\u001b[39m \u001b[36m304\u001b[39m \u001b[90m4ms\u001b[39m","meta":{}}
{"level":"info","message":"\u001b[90mPUT /task/650171e752711301133194e3\u001b[39m \u001b[32m200\u001b[39m \u001b[90m3ms\u001b[39m","meta":{}}
{"level":"info","message":"\u001b[90mGET /task\u001b[39m \u001b[32m200\u001b[39m \u001b[90m4ms\u001b[39m","meta":{}}
{"level":"info","message":"\u001b[90mGET /task\u001b[39m \u001b[36m304\u001b[39m \u001b[90m9ms\u001b[39m","meta":{}}
{"level":"info","message":"\u001b[90mGET /task\u001b[39m \u001b[36m304\u001b[39m \u001b[90m3ms\u001b[39m","meta":{}}
{"level":"info","message":"\u001b[90mPUT /task/650171e752711301133194e3\u001b[39m \u001b[32m200\u001b[39m \u001b[90m6ms\u001b[39m","meta":{}}
{"level":"info","message":"\u001b[90mGET /task\u001b[39m \u001b[32m200\u001b[39m \u001b[90m6ms\u001b[39m","meta":{}}
{"level":"info","message":"\u001b[90mGET /task\u001b[39m \u001b[36m304\u001b[39m \u001b[90m14ms\u001b[39m","meta":{}}
{"level":"info","message":"\u001b[90mGET /task\u001b[39m \u001b[36m304\u001b[39m \u001b[90m8ms\u001b[39m","meta":{}}
{"level":"info","message":"\u001b[90mGET /task\u001b[39m \u001b[36m304\u001b[39m \u001b[90m4ms\u001b[39m","meta":{}}
{"level":"info","message":"\u001b[90mGET /task\u001b[39m \u001b[36m304\u001b[39m \u001b[90m4ms\u001b[39m","meta":{}}
{"level":"info","message":"\u001b[90mGET /task\u001b[39m \u001b[36m304\u001b[39m \u001b[90m3ms\u001b[39m","meta":{}}
{"level":"info","message":"\u001b[90mGET /task\u001b[39m \u001b[36m304\u001b[39m \u001b[90m3ms\u001b[39m","meta":{}}
{"level":"info","message":"\u001b[90mGET /task\u001b[39m \u001b[36m304\u001b[39m \u001b[90m4ms\u001b[39m","meta":{}}
{"level":"info","message":"\u001b[90mGET /task\u001b[39m \u001b[36m304\u001b[39m \u001b[90m3ms\u001b[39m","meta":{}}
{"level":"info","message":"\u001b[90mGET /task\u001b[39m \u001b[36m304\u001b[39m \u001b[90m11ms\u001b[39m","meta":{}}
{"level":"info","message":"\u001b[90mGET /task\u001b[39m \u001b[36m304\u001b[39m \u001b[90m3ms\u001b[39m","meta":{}}
{"level":"info","message":"\u001b[90mGET /task\u001b[39m \u001b[36m304\u001b[39m \u001b[90m3ms\u001b[39m","meta":{}}
{"level":"info","message":"\u001b[90mGET /task\u001b[39m \u001b[36m304\u001b[39m \u001b[90m3ms\u001b[39m","meta":{}}
{"level":"info","message":"\u001b[90mPUT /task/650171e752711301133194e3\u001b[39m \u001b[32m200\u001b[39m \u001b[90m3ms\u001b[39m","meta":{}}
{"level":"info","message":"\u001b[90mGET /task\u001b[39m \u001b[32m200\u001b[39m \u001b[90m5ms\u001b[39m","meta":{}}
{"level":"info","message":"\u001b[90mGET /task\u001b[39m \u001b[36m304\u001b[39m \u001b[90m3ms\u001b[39m","meta":{}}
{"level":"info","message":"\u001b[90mPUT /task/650171e752711301133194e3\u001b[39m \u001b[32m200\u001b[39m \u001b[90m3ms\u001b[39m","meta":{}}
{"level":"info","message":"\u001b[90mGET /task\u001b[39m \u001b[36m304\u001b[39m \u001b[90m3ms\u001b[39m","meta":{}}
{"level":"info","message":"\u001b[90mGET /task\u001b[39m \u001b[36m304\u001b[39m \u001b[90m2ms\u001b[39m","meta":{}}
{"level":"info","message":"\u001b[90mGET /task\u001b[39m \u001b[36m304\u001b[39m \u001b[90m3ms\u001b[39m","meta":{}}
{"level":"info","message":"\u001b[90mGET /task\u001b[39m \u001b[36m304\u001b[39m \u001b[90m4ms\u001b[39m","meta":{}}
{"level":"info","message":"\u001b[90mPUT /task/650171e752711301133194e3\u001b[39m \u001b[32m200\u001b[39m \u001b[90m3ms\u001b[39m","meta":{}}
{"level":"info","message":"\u001b[90mGET /task\u001b[39m \u001b[36m304\u001b[39m \u001b[90m4ms\u001b[39m","meta":{}}
{"level":"info","message":"\u001b[90mGET /task\u001b[39m \u001b[36m304\u001b[39m \u001b[90m4ms\u001b[39m","meta":{}}
{"level":"info","message":"\u001b[90mGET /task\u001b[39m \u001b[36m304\u001b[39m \u001b[90m3ms\u001b[39m","meta":{}}
{"level":"info","message":"\u001b[90mGET /task\u001b[39m \u001b[36m304\u001b[39m \u001b[90m11ms\u001b[39m","meta":{}}
{"level":"info","message":"\u001b[90mPUT /task/650171e752711301133194e3\u001b[39m \u001b[32m200\u001b[39m \u001b[90m2ms\u001b[39m","meta":{}}
{"level":"info","message":"\u001b[90mPUT /task/650171e752711301133194e3\u001b[39m \u001b[32m200\u001b[39m \u001b[90m2ms\u001b[39m","meta":{}}
{"level":"info","message":"\u001b[90mGET /task\u001b[39m \u001b[32m200\u001b[39m \u001b[90m3ms\u001b[39m","meta":{}}
{"level":"info","message":"\u001b[90mGET /task\u001b[39m \u001b[36m304\u001b[39m \u001b[90m2ms\u001b[39m","meta":{}}
{"level":"info","message":"\u001b[90mGET /task\u001b[39m \u001b[36m304\u001b[39m \u001b[90m2ms\u001b[39m","meta":{}}
{"level":"info","message":"\u001b[90mGET /task\u001b[39m \u001b[36m304\u001b[39m \u001b[90m3ms\u001b[39m","meta":{}}
{"level":"info","message":"\u001b[90mGET /task\u001b[39m \u001b[36m304\u001b[39m \u001b[90m5ms\u001b[39m","meta":{}}
{"level":"info","message":"\u001b[90mGET /task\u001b[39m \u001b[36m304\u001b[39m \u001b[90m12ms\u001b[39m","meta":{}}
{"level":"info","message":"\u001b[90mGET /task\u001b[39m \u001b[36m304\u001b[39m \u001b[90m3ms\u001b[39m","meta":{}}
{"level":"info","message":"\u001b[90mGET /task\u001b[39m \u001b[36m304\u001b[39m \u001b[90m2ms\u001b[39m","meta":{}}
{"level":"info","message":"\u001b[90mGET /task\u001b[39m \u001b[36m304\u001b[39m \u001b[90m5ms\u001b[39m","meta":{}}
{"level":"info","message":"\u001b[90mGET /task\u001b[39m \u001b[36m304\u001b[39m \u001b[90m19ms\u001b[39m","meta":{}}
{"level":"info","message":"\u001b[90mGET /task\u001b[39m \u001b[36m304\u001b[39m \u001b[90m3ms\u001b[39m","meta":{}}
{"level":"info","message":"\u001b[90mGET /task\u001b[39m \u001b[36m304\u001b[39m \u001b[90m3ms\u001b[39m","meta":{}}
{"level":"info","message":"\u001b[90mGET /task\u001b[39m \u001b[36m304\u001b[39m \u001b[90m4ms\u001b[39m","meta":{}}
{"level":"info","message":"\u001b[90mGET /task\u001b[39m \u001b[36m304\u001b[39m \u001b[90m6ms\u001b[39m","meta":{}}
{"level":"info","message":"\u001b[90mGET /task\u001b[39m \u001b[36m304\u001b[39m \u001b[90m4ms\u001b[39m","meta":{}}
{"level":"info","message":"\u001b[90mGET /task\u001b[39m \u001b[36m304\u001b[39m \u001b[90m2ms\u001b[39m","meta":{}}
{"level":"info","message":"\u001b[90mGET /task\u001b[39m \u001b[36m304\u001b[39m \u001b[90m3ms\u001b[39m","meta":{}}
{"level":"info","message":"\u001b[90mGET /task\u001b[39m \u001b[36m304\u001b[39m \u001b[90m3ms\u001b[39m","meta":{}}
{"level":"info","message":"\u001b[90mGET /task\u001b[39m \u001b[36m304\u001b[39m \u001b[90m4ms\u001b[39m","meta":{}}
{"level":"info","message":"\u001b[90mDELETE /task/650171e752711301133194e3\u001b[39m \u001b[32m200\u001b[39m \u001b[90m6ms\u001b[39m","meta":{}}
{"level":"info","message":"\u001b[90mGET /task\u001b[39m \u001b[32m200\u001b[39m \u001b[90m4ms\u001b[39m","meta":{}}
{"level":"info","message":"\u001b[90mGET /task\u001b[39m \u001b[36m304\u001b[39m \u001b[90m4ms\u001b[39m","meta":{}}
{"level":"info","message":"\u001b[90mGET /task\u001b[39m \u001b[36m304\u001b[39m \u001b[90m4ms\u001b[39m","meta":{}}
{"level":"info","message":"\u001b[90mGET /task\u001b[39m \u001b[36m304\u001b[39m \u001b[90m2ms\u001b[39m","meta":{}}
{"level":"info","message":"\u001b[90mGET /task\u001b[39m \u001b[36m304\u001b[39m \u001b[90m3ms\u001b[39m","meta":{}}
{"level":"info","message":"\u001b[90mGET /task\u001b[39m \u001b[36m304\u001b[39m \u001b[90m2ms\u001b[39m","meta":{}}
{"level":"info","message":"\u001b[90mGET /task\u001b[39m \u001b[36m304\u001b[39m \u001b[90m5ms\u001b[39m","meta":{}}
{"level":"info","message":"\u001b[90mGET /task\u001b[39m \u001b[36m304\u001b[39m \u001b[90m11ms\u001b[39m","meta":{}}
{"level":"info","message":"\u001b[90mGET /task\u001b[39m \u001b[36m304\u001b[39m \u001b[90m3ms\u001b[39m","meta":{}}
{"level":"info","message":"\u001b[90mGET /task\u001b[39m \u001b[36m304\u001b[39m \u001b[90m2ms\u001b[39m","meta":{}}
{"level":"info","message":"\u001b[90mGET /task\u001b[39m \u001b[36m304\u001b[39m \u001b[90m2ms\u001b[39m","meta":{}}
{"level":"info","message":"\u001b[90mGET /task\u001b[39m \u001b[36m304\u001b[39m \u001b[90m4ms\u001b[39m","meta":{}}
{"level":"info","message":"\u001b[90mGET /task\u001b[39m \u001b[36m304\u001b[39m \u001b[90m6ms\u001b[39m","meta":{}}
{"level":"info","message":"\u001b[90mGET /task\u001b[39m \u001b[36m304\u001b[39m \u001b[90m3ms\u001b[39m","meta":{}}
{"level":"info","message":"\u001b[90mGET /task\u001b[39m \u001b[36m304\u001b[39m \u001b[90m3ms\u001b[39m","meta":{}}
{"level":"info","message":"\u001b[90mGET /task\u001b[39m \u001b[36m304\u001b[39m \u001b[90m3ms\u001b[39m","meta":{}}
{"level":"info","message":"\u001b[90mGET /task\u001b[39m \u001b[36m304\u001b[39m \u001b[90m4ms\u001b[39m","meta":{}}
{"level":"info","message":"\u001b[90mGET /task\u001b[39m \u001b[36m304\u001b[39m \u001b[90m2ms\u001b[39m","meta":{}}
{"level":"info","message":"\u001b[90mPUT /task/6501844752f9f8981e80a750\u001b[39m \u001b[32m200\u001b[39m \u001b[90m3ms\u001b[39m","meta":{}}
{"level":"info","message":"\u001b[90mGET /task\u001b[39m \u001b[32m200\u001b[39m \u001b[90m6ms\u001b[39m","meta":{}}
{"level":"info","message":"\u001b[90mGET /task\u001b[39m \u001b[36m304\u001b[39m \u001b[90m2ms\u001b[39m","meta":{}}
{"level":"info","message":"\u001b[90mGET /task\u001b[39m \u001b[36m304\u001b[39m \u001b[90m4ms\u001b[39m","meta":{}}
{"level":"info","message":"\u001b[90mGET /task\u001b[39m \u001b[36m304\u001b[39m \u001b[90m3ms\u001b[39m","meta":{}}
{"level":"info","message":"\u001b[90mGET /task\u001b[39m \u001b[36m304\u001b[39m \u001b[90m4ms\u001b[39m","meta":{}}
{"level":"info","message":"\u001b[90mGET /task\u001b[39m \u001b[36m304\u001b[39m \u001b[90m3ms\u001b[39m","meta":{}}
{"level":"info","message":"\u001b[90mGET /task\u001b[39m \u001b[36m304\u001b[39m \u001b[90m5ms\u001b[39m","meta":{}}
{"level":"info","message":"\u001b[90mGET /task\u001b[39m \u001b[36m304\u001b[39m \u001b[90m4ms\u001b[39m","meta":{}}
{"level":"info","message":"\u001b[90mGET /task\u001b[39m \u001b[36m304\u001b[39m \u001b[90m2ms\u001b[39m","meta":{}}
{"level":"info","message":"\u001b[90mGET /task\u001b[39m \u001b[36m304\u001b[39m \u001b[90m3ms\u001b[39m","meta":{}}
{"level":"info","message":"\u001b[90mGET /task\u001b[39m \u001b[36m304\u001b[39m \u001b[90m2ms\u001b[39m","meta":{}}
{"level":"info","message":"\u001b[90mGET /task\u001b[39m \u001b[36m304\u001b[39m \u001b[90m7ms\u001b[39m","meta":{}}
{"level":"info","message":"\u001b[90mGET /task\u001b[39m \u001b[36m304\u001b[39m \u001b[90m3ms\u001b[39m","meta":{}}
{"level":"info","message":"\u001b[90mGET /task\u001b[39m \u001b[36m304\u001b[39m \u001b[90m2ms\u001b[39m","meta":{}}
{"level":"info","message":"\u001b[90mGET /task\u001b[39m \u001b[36m304\u001b[39m \u001b[90m3ms\u001b[39m","meta":{}}
{"level":"info","message":"\u001b[90mGET /task\u001b[39m \u001b[36m304\u001b[39m \u001b[90m6ms\u001b[39m","meta":{}}
{"level":"info","message":"\u001b[90mPOST /task\u001b[39m \u001b[32m200\u001b[39m \u001b[90m3ms\u001b[39m","meta":{}}
{"level":"info","message":"\u001b[90mGET /task\u001b[39m \u001b[32m200\u001b[39m \u001b[90m3ms\u001b[39m","meta":{}}
{"level":"info","message":"\u001b[90mPUT /task/6501a11452f9f8981e80a7af\u001b[39m \u001b[32m200\u001b[39m \u001b[90m2ms\u001b[39m","meta":{}}
{"level":"info","message":"\u001b[90mGET /task\u001b[39m \u001b[32m200\u001b[39m \u001b[90m3ms\u001b[39m","meta":{}}
{"level":"info","message":"\u001b[90mPUT /task/6501a11452f9f8981e80a7af\u001b[39m \u001b[32m200\u001b[39m \u001b[90m5ms\u001b[39m","meta":{}}
{"level":"info","message":"\u001b[90mGET /task\u001b[39m \u001b[32m200\u001b[39m \u001b[90m4ms\u001b[39m","meta":{}}
{"level":"info","message":"\u001b[90mDELETE /task/6501a11452f9f8981e80a7af\u001b[39m \u001b[32m200\u001b[39m \u001b[90m4ms\u001b[39m","meta":{}}
{"level":"info","message":"\u001b[90mGET /task\u001b[39m \u001b[32m200\u001b[39m \u001b[90m7ms\u001b[39m","meta":{}}
{"level":"info","message":"\u001b[90mGET /task\u001b[39m \u001b[36m304\u001b[39m \u001b[90m3ms\u001b[39m","meta":{}}
{"level":"info","message":"\u001b[90mGET /task\u001b[39m \u001b[36m304\u001b[39m \u001b[90m5ms\u001b[39m","meta":{}}
{"level":"info","message":"\u001b[90mGET /task\u001b[39m \u001b[36m304\u001b[39m \u001b[90m3ms\u001b[39m","meta":{}}
{"level":"info","message":"\u001b[90mGET /task\u001b[39m \u001b[36m304\u001b[39m \u001b[90m3ms\u001b[39m","meta":{}}
{"level":"info","message":"\u001b[90mGET /task\u001b[39m \u001b[36m304\u001b[39m \u001b[90m3ms\u001b[39m","meta":{}}
{"level":"info","message":"\u001b[90mGET /task\u001b[39m \u001b[36m304\u001b[39m \u001b[90m2ms\u001b[39m","meta":{}}
{"level":"info","message":"\u001b[90mGET /task\u001b[39m \u001b[36m304\u001b[39m \u001b[90m3ms\u001b[39m","meta":{}}
{"level":"info","message":"\u001b[90mGET /task\u001b[39m \u001b[36m304\u001b[39m \u001b[90m2ms\u001b[39m","meta":{}}
{"level":"info","message":"\u001b[90mGET /task\u001b[39m \u001b[36m304\u001b[39m \u001b[90m3ms\u001b[39m","meta":{}}
{"level":"info","message":"\u001b[90mGET /task\u001b[39m \u001b[36m304\u001b[39m \u001b[90m3ms\u001b[39m","meta":{}}
{"level":"info","message":"\u001b[90mGET /task\u001b[39m \u001b[36m304\u001b[39m \u001b[90m2ms\u001b[39m","meta":{}}
{"level":"info","message":"\u001b[90mGET /task\u001b[39m \u001b[36m304\u001b[39m \u001b[90m2ms\u001b[39m","meta":{}}
{"level":"info","message":"\u001b[90mGET /task\u001b[39m \u001b[36m304\u001b[39m \u001b[90m2ms\u001b[39m","meta":{}}
{"level":"info","message":"\u001b[90mGET /task\u001b[39m \u001b[32m200\u001b[39m \u001b[90m16ms\u001b[39m","meta":{}}
{"level":"info","message":"\u001b[90mGET /task\u001b[39m \u001b[36m304\u001b[39m \u001b[90m3ms\u001b[39m","meta":{}}
{"level":"info","message":"\u001b[90mGET /task\u001b[39m \u001b[36m304\u001b[39m \u001b[90m3ms\u001b[39m","meta":{}}
{"level":"info","message":"\u001b[90mPOST /task\u001b[39m \u001b[33m422\u001b[39m \u001b[90m6ms\u001b[39m","meta":{}}
{"level":"info","message":"\u001b[90mGET /task\u001b[39m \u001b[36m304\u001b[39m \u001b[90m4ms\u001b[39m","meta":{}}
{"level":"info","message":"\u001b[90mGET /task\u001b[39m \u001b[36m304\u001b[39m \u001b[90m10ms\u001b[39m","meta":{}}
{"level":"info","message":"\u001b[90mGET /task\u001b[39m \u001b[36m304\u001b[39m \u001b[90m3ms\u001b[39m","meta":{}}
{"level":"info","message":"\u001b[90mPOST /task\u001b[39m \u001b[32m200\u001b[39m \u001b[90m27ms\u001b[39m","meta":{}}
{"level":"info","message":"\u001b[90mGET /task\u001b[39m \u001b[32m200\u001b[39m \u001b[90m7ms\u001b[39m","meta":{}}
{"level":"info","message":"\u001b[90mPOST /task\u001b[39m \u001b[32m200\u001b[39m \u001b[90m6ms\u001b[39m","meta":{}}
{"level":"info","message":"\u001b[90mGET /task\u001b[39m \u001b[32m200\u001b[39m \u001b[90m5ms\u001b[39m","meta":{}}
{"level":"info","message":"\u001b[90mPUT /task/6501a44fabf032e987f94c24\u001b[39m \u001b[32m200\u001b[39m \u001b[90m14ms\u001b[39m","meta":{}}
{"level":"info","message":"\u001b[90mGET /task\u001b[39m \u001b[32m200\u001b[39m \u001b[90m6ms\u001b[39m","meta":{}}
{"level":"info","message":"\u001b[90mPOST /task\u001b[39m \u001b[32m200\u001b[39m \u001b[90m6ms\u001b[39m","meta":{}}
{"level":"info","message":"\u001b[90mGET /task\u001b[39m \u001b[32m200\u001b[39m \u001b[90m5ms\u001b[39m","meta":{}}
{"level":"info","message":"\u001b[90mPUT /task/6501a43eabf032e987f94c21\u001b[39m \u001b[32m200\u001b[39m \u001b[90m4ms\u001b[39m","meta":{}}
{"level":"info","message":"\u001b[90mGET /task\u001b[39m \u001b[32m200\u001b[39m \u001b[90m8ms\u001b[39m","meta":{}}
{"level":"info","message":"\u001b[90mGET /task\u001b[39m \u001b[36m304\u001b[39m \u001b[90m3ms\u001b[39m","meta":{}}
{"level":"info","message":"\u001b[90mGET /task\u001b[39m \u001b[36m304\u001b[39m \u001b[90m3ms\u001b[39m","meta":{}}
{"level":"info","message":"\u001b[90mGET /task\u001b[39m \u001b[36m304\u001b[39m \u001b[90m13ms\u001b[39m","meta":{}}
{"level":"info","message":"\u001b[90mGET /task\u001b[39m \u001b[36m304\u001b[39m \u001b[90m3ms\u001b[39m","meta":{}}
